<?xml version="1.0" encoding="UTF-8"?>
<!-- Generated by org.testng.reporters.JUnitXMLReporter -->
<testsuite ignored="0" hostname="IN-75272J3" failures="1" tests="14" name="RedBus Test Cases" time="238.457" errors="0" timestamp="2024-05-21T16:23:17 IST">
  <testcase classname="com.redbus.testcases.LandingPageTest" name="verifyHomePageTitle" time="0.086">
    <skipped/>
  </testcase> <!-- verifyHomePageTitle -->
  <testcase classname="com.redbus.testcases.LandingPageTest" name="verifyHomePageTitle" time="0.017">
    <skipped/>
  </testcase> <!-- verifyHomePageTitle -->
  <testcase classname="com.redbus.testcases.LandingPageTest" name="verifyHomePageTitle" time="0.016">
    <failure type="java.lang.AssertionError" message="expected [Online, Easy &amp;amp; Secure Booking, Top Operators - redBus] but found [Book Bus Tickets Online, Easy &amp;amp; Secure Booking, Top Operators - redBus]">
      <![CDATA[java.lang.AssertionError: expected [Online, Easy & Secure Booking, Top Operators - redBus] but found [Book Bus Tickets Online, Easy & Secure Booking, Top Operators - redBus]
at com.redbus.testcases.LandingPageTest.verifyHomePageTitle(LandingPageTest.java:38)
at java.base/java.util.ArrayList.forEach(ArrayList.java:1511)
... Removed 37 stack frames]]>
    </failure>
  </testcase> <!-- verifyHomePageTitle -->
  <testcase classname="com.redbus.testcases.HelpTest" name="landOnHelpWidow" time="4.025"/>
  <testcase classname="com.redbus.testcases.HelpTest" name="selectHelpTopicBus" time="6.382"/>
  <testcase classname="com.redbus.testcases.HelpTest" name="selectHelpTopicTrain" time="9.935"/>
  <testcase classname="com.redbus.testcases.SearchRedBusTest" name="searchBus" time="5.345"/>
  <testcase classname="com.redbus.testcases.SearchTrainTest" name="landOnRedRail" time="3.719"/>
  <testcase classname="com.redbus.testcases.SearchTrainTest" name="searchTrainWithoutDate" time="31.907">
    <skipped/>
  </testcase> <!-- searchTrainWithoutDate -->
  <testcase classname="com.redbus.testcases.SearchTrainTest" name="searchTrainWithoutDate" time="20.709"/>
  <testcase classname="com.redbus.testcases.SearchTrainTest" name="searchLiveTrainstatus" time="19.055"/>
  <testcase classname="com.redbus.testcases.LoginTest" name="verifyLoginWithInValidEmailId" time="11.206"/>
  <testcase classname="com.redbus.testcases.LoginTest" name="verifyLoginWithInValidPwd" time="13.655"/>
  <testcase classname="com.redbus.testcases.LoginTest" name="verifyLoginWithValidCredentials" time="13.17"/>
</testsuite> <!-- RedBus Test Cases -->
